{"C:\\Users\\hp\\Desktop\\hotel booking system\\hrb-booking\\src\\drizzle\\queries\\schema.ts": {"path":"C:\\Users\\hp\\Desktop\\hotel booking system\\hrb-booking\\src\\drizzle\\queries\\schema.ts","statementMap":{"0":{"start":{"line":1,"column":0},"end":{"line":1,"column":null}},"1":{"start":{"line":10,"column":0},"end":{"line":10,"column":40}},"2":{"start":{"line":11,"column":0},"end":{"line":11,"column":46}},"3":{"start":{"line":13,"column":13},"end":{"line":24,"column":3}},"4":{"start":{"line":27,"column":13},"end":{"line":37,"column":3}},"5":{"start":{"line":39,"column":13},"end":{"line":50,"column":3}},"6":{"start":{"line":43,"column":22},"end":{"line":43,"column":37}},"7":{"start":{"line":53,"column":13},"end":{"line":66,"column":3}},"8":{"start":{"line":57,"column":22},"end":{"line":57,"column":34}},"9":{"start":{"line":60,"column":22},"end":{"line":60,"column":35}},"10":{"start":{"line":69,"column":13},"end":{"line":77,"column":3}},"11":{"start":{"line":73,"column":22},"end":{"line":73,"column":40}},"12":{"start":{"line":79,"column":13},"end":{"line":88,"column":3}},"13":{"start":{"line":83,"column":22},"end":{"line":83,"column":34}},"14":{"start":{"line":90,"column":13},"end":{"line":93,"column":4}},"15":{"start":{"line":90,"column":69},"end":{"line":93,"column":2}},"16":{"start":{"line":94,"column":13},"end":{"line":96,"column":4}},"17":{"start":{"line":94,"column":64},"end":{"line":96,"column":2}},"18":{"start":{"line":102,"column":13},"end":{"line":109,"column":4}},"19":{"start":{"line":102,"column":67},"end":{"line":109,"column":2}},"20":{"start":{"line":112,"column":13},"end":{"line":122,"column":4}},"21":{"start":{"line":112,"column":67},"end":{"line":122,"column":2}},"22":{"start":{"line":126,"column":13},"end":{"line":131,"column":null}},"23":{"start":{"line":126,"column":67},"end":{"line":131,"column":2}},"24":{"start":{"line":132,"column":13},"end":{"line":137,"column":4}},"25":{"start":{"line":132,"column":72},"end":{"line":137,"column":2}}},"fnMap":{"0":{"name":"(anonymous_0)","decl":{"start":{"line":43,"column":16},"end":{"line":43,"column":19}},"loc":{"start":{"line":43,"column":22},"end":{"line":43,"column":37}}},"1":{"name":"(anonymous_1)","decl":{"start":{"line":57,"column":16},"end":{"line":57,"column":19}},"loc":{"start":{"line":57,"column":22},"end":{"line":57,"column":34}}},"2":{"name":"(anonymous_2)","decl":{"start":{"line":60,"column":16},"end":{"line":60,"column":19}},"loc":{"start":{"line":60,"column":22},"end":{"line":60,"column":35}}},"3":{"name":"(anonymous_3)","decl":{"start":{"line":73,"column":16},"end":{"line":73,"column":19}},"loc":{"start":{"line":73,"column":22},"end":{"line":73,"column":40}}},"4":{"name":"(anonymous_4)","decl":{"start":{"line":83,"column":16},"end":{"line":83,"column":19}},"loc":{"start":{"line":83,"column":22},"end":{"line":83,"column":34}}},"5":{"name":"(anonymous_5)","decl":{"start":{"line":90,"column":54},"end":{"line":90,"column":55}},"loc":{"start":{"line":90,"column":69},"end":{"line":93,"column":2}}},"6":{"name":"(anonymous_6)","decl":{"start":{"line":94,"column":49},"end":{"line":94,"column":50}},"loc":{"start":{"line":94,"column":64},"end":{"line":96,"column":2}}},"7":{"name":"(anonymous_7)","decl":{"start":{"line":102,"column":47},"end":{"line":102,"column":48}},"loc":{"start":{"line":102,"column":67},"end":{"line":109,"column":2}}},"8":{"name":"(anonymous_8)","decl":{"start":{"line":112,"column":53},"end":{"line":112,"column":54}},"loc":{"start":{"line":112,"column":67},"end":{"line":122,"column":2}}},"9":{"name":"(anonymous_9)","decl":{"start":{"line":126,"column":53},"end":{"line":126,"column":54}},"loc":{"start":{"line":126,"column":67},"end":{"line":131,"column":2}}},"10":{"name":"(anonymous_10)","decl":{"start":{"line":132,"column":58},"end":{"line":132,"column":59}},"loc":{"start":{"line":132,"column":72},"end":{"line":137,"column":2}}}},"branchMap":{},"s":{"0":1,"1":1,"2":1,"3":1,"4":1,"5":1,"6":0,"7":1,"8":0,"9":0,"10":1,"11":0,"12":1,"13":0,"14":1,"15":0,"16":1,"17":0,"18":1,"19":0,"20":1,"21":0,"22":1,"23":0,"24":1,"25":0},"f":{"0":0,"1":0,"2":0,"3":0,"4":0,"5":0,"6":0,"7":0,"8":0,"9":0,"10":0},"b":{}}
,"C:\\Users\\hp\\Desktop\\hotel booking system\\hrb-booking\\src\\tickets\\tickets.service.ts": {"path":"C:\\Users\\hp\\Desktop\\hotel booking system\\hrb-booking\\src\\tickets\\tickets.service.ts","statementMap":{"0":{"start":{"line":1,"column":0},"end":{"line":1,"column":33}},"1":{"start":{"line":2,"column":0},"end":{"line":2,"column":39}},"2":{"start":{"line":3,"column":0},"end":{"line":3,"column":52}},"3":{"start":{"line":6,"column":36},"end":{"line":9,"column":1}},"4":{"start":{"line":7,"column":20},"end":{"line":7,"column":71}},"5":{"start":{"line":8,"column":2},"end":{"line":8,"column":17}},"6":{"start":{"line":6,"column":13},"end":{"line":6,"column":36}},"7":{"start":{"line":11,"column":33},"end":{"line":14,"column":1}},"8":{"start":{"line":12,"column":21},"end":{"line":12,"column":52}},"9":{"start":{"line":13,"column":2},"end":{"line":13,"column":20}},"10":{"start":{"line":11,"column":13},"end":{"line":11,"column":33}},"11":{"start":{"line":16,"column":37},"end":{"line":21,"column":1}},"12":{"start":{"line":17,"column":39},"end":{"line":19,"column":4}},"13":{"start":{"line":20,"column":2},"end":{"line":20,"column":16}},"14":{"start":{"line":16,"column":13},"end":{"line":16,"column":37}},"15":{"start":{"line":25,"column":36},"end":{"line":28,"column":1}},"16":{"start":{"line":26,"column":2},"end":{"line":26,"column":84}},"17":{"start":{"line":27,"column":2},"end":{"line":27,"column":37}},"18":{"start":{"line":25,"column":13},"end":{"line":25,"column":36}},"19":{"start":{"line":30,"column":36},"end":{"line":33,"column":1}},"20":{"start":{"line":31,"column":20},"end":{"line":31,"column":89}},"21":{"start":{"line":32,"column":2},"end":{"line":32,"column":17}},"22":{"start":{"line":30,"column":13},"end":{"line":30,"column":36}}},"fnMap":{"0":{"name":"(anonymous_1)","decl":{"start":{"line":6,"column":36},"end":{"line":6,"column":41}},"loc":{"start":{"line":6,"column":63},"end":{"line":9,"column":1}}},"1":{"name":"(anonymous_2)","decl":{"start":{"line":11,"column":33},"end":{"line":11,"column":38}},"loc":{"start":{"line":11,"column":44},"end":{"line":14,"column":1}}},"2":{"name":"(anonymous_3)","decl":{"start":{"line":16,"column":37},"end":{"line":16,"column":42}},"loc":{"start":{"line":16,"column":58},"end":{"line":21,"column":1}}},"3":{"name":"(anonymous_4)","decl":{"start":{"line":25,"column":36},"end":{"line":25,"column":41}},"loc":{"start":{"line":25,"column":75},"end":{"line":28,"column":1}}},"4":{"name":"(anonymous_5)","decl":{"start":{"line":30,"column":36},"end":{"line":30,"column":41}},"loc":{"start":{"line":30,"column":57},"end":{"line":33,"column":1}}}},"branchMap":{},"s":{"0":1,"1":1,"2":1,"3":1,"4":1,"5":1,"6":1,"7":1,"8":1,"9":1,"10":1,"11":1,"12":1,"13":1,"14":1,"15":1,"16":1,"17":1,"18":1,"19":1,"20":1,"21":1,"22":1},"f":{"0":1,"1":1,"2":1,"3":1,"4":1},"b":{}}
}
