TN:
SF:src\drizzle\queries\schema.ts
FN:43,(anonymous_0)
FN:57,(anonymous_1)
FN:60,(anonymous_2)
FN:73,(anonymous_3)
FN:83,(anonymous_4)
FN:90,(anonymous_5)
FN:94,(anonymous_6)
FN:102,(anonymous_7)
FN:112,(anonymous_8)
FN:126,(anonymous_9)
FN:132,(anonymous_10)
FNF:11
FNH:0
FNDA:0,(anonymous_0)
FNDA:0,(anonymous_1)
FNDA:0,(anonymous_2)
FNDA:0,(anonymous_3)
FNDA:0,(anonymous_4)
FNDA:0,(anonymous_5)
FNDA:0,(anonymous_6)
FNDA:0,(anonymous_7)
FNDA:0,(anonymous_8)
FNDA:0,(anonymous_9)
FNDA:0,(anonymous_10)
DA:1,1
DA:10,1
DA:11,1
DA:13,1
DA:27,1
DA:39,1
DA:43,0
DA:53,1
DA:57,0
DA:60,0
DA:69,1
DA:73,0
DA:79,1
DA:83,0
DA:90,1
DA:94,1
DA:102,1
DA:112,1
DA:126,1
DA:132,1
LF:20
LH:15
BRF:0
BRH:0
end_of_record
TN:
SF:src\tickets\tickets.service.ts
FN:6,(anonymous_1)
FN:11,(anonymous_2)
FN:16,(anonymous_3)
FN:25,(anonymous_4)
FN:30,(anonymous_5)
FNF:5
FNH:5
FNDA:1,(anonymous_1)
FNDA:1,(anonymous_2)
FNDA:1,(anonymous_3)
FNDA:1,(anonymous_4)
FNDA:1,(anonymous_5)
DA:1,1
DA:2,1
DA:3,1
DA:6,1
DA:7,1
DA:8,1
DA:11,1
DA:12,1
DA:13,1
DA:16,1
DA:17,1
DA:20,1
DA:25,1
DA:26,1
DA:27,1
DA:30,1
DA:31,1
DA:32,1
LF:18
LH:18
BRF:0
BRH:0
end_of_record
